<?xml version="1.0" encoding="UTF-8"?>
<testng-results skipped="0" failed="0" ignored="2" total="6" passed="4">
  <reporter-output>
    <line>
      <![CDATA[Framework executed starts: Sat Jan 18 16:56:42 IST 2020]]>
    </line>
    <line>
      <![CDATA[Chrome Launched]]>
    </line>
    <line>
      <![CDATA[createCustomer script exceution starts: Sat Jan 18 16:56:48 IST 2020]]>
    </line>
    <line>
      <![CDATA[Customer "GE Health1234" has been successfully created.]]>
    </line>
    <line>
      <![CDATA[createCustomerscript is Passed]]>
    </line>
    <line>
      <![CDATA[Browser Closed]]>
    </line>
    <line>
      <![CDATA[Chrome Launched]]>
    </line>
    <line>
      <![CDATA[deleteCustomer script exceution starts: Sat Jan 18 16:57:05 IST 2020]]>
    </line>
    <line>
      <![CDATA[Customer has been successfully deleted.]]>
    </line>
    <line>
      <![CDATA[Customer has been successfully deleted.]]>
    </line>
    <line>
      <![CDATA[deleteCustomerscript is Passed]]>
    </line>
    <line>
      <![CDATA[Browser Closed]]>
    </line>
    <line>
      <![CDATA[Chrome Launched]]>
    </line>
    <line>
      <![CDATA[validLogin script exceution starts: Sat Jan 18 16:57:18 IST 2020]]>
    </line>
    <line>
      <![CDATA[EnterTimeTrackPage is Verified]]>
    </line>
    <line>
      <![CDATA[validLoginscript is Passed]]>
    </line>
    <line>
      <![CDATA[Browser Closed]]>
    </line>
    <line>
      <![CDATA[Chrome Launched]]>
    </line>
    <line>
      <![CDATA[invalidLogin script exceution starts: Sat Jan 18 16:57:26 IST 2020]]>
    </line>
    <line>
      <![CDATA[Invalid login is verified]]>
    </line>
    <line>
      <![CDATA[invalidLoginscript is Passed]]>
    </line>
    <line>
      <![CDATA[Browser Closed]]>
    </line>
  </reporter-output>
  <suite name="Suite" duration-ms="47522" started-at="2020-01-18T11:26:42Z" finished-at="2020-01-18T11:27:30Z">
    <groups>
    </groups>
    <test name="Test" duration-ms="47522" started-at="2020-01-18T11:26:42Z" finished-at="2020-01-18T11:27:30Z">
      <class name="com.actitime.scripts.LoginTest">
        <test-method status="PASS" signature="preCondition(java.lang.String, java.lang.String)[pri:0, instance:com.actitime.scripts.LoginTest@5792a0]" name="preCondition" is-config="true" duration-ms="4462" started-at="2020-01-18T11:27:13Z" finished-at="2020-01-18T11:27:18Z">
          <params>
            <param index="0">
              <value>
                <![CDATA[chrome]]>
              </value>
            </param>
            <param index="1">
              <value>
                <![CDATA[http://acer-pc:8080/login.do]]>
              </value>
            </param>
          </params>
          <reporter-output>
            <line>
              <![CDATA[Chrome Launched]]>
            </line>
          </reporter-output>
        </test-method> <!-- preCondition -->
        <test-method status="PASS" signature="validLogin()[pri:1, instance:com.actitime.scripts.LoginTest@5792a0]" name="validLogin" duration-ms="1755" started-at="2020-01-18T11:27:18Z" finished-at="2020-01-18T11:27:19Z">
          <reporter-output>
            <line>
              <![CDATA[validLogin script exceution starts: Sat Jan 18 16:57:18 IST 2020]]>
            </line>
            <line>
              <![CDATA[EnterTimeTrackPage is Verified]]>
            </line>
            <line>
              <![CDATA[validLoginscript is Passed]]>
            </line>
          </reporter-output>
        </test-method> <!-- validLogin -->
        <test-method status="PASS" signature="postcondition()[pri:0, instance:com.actitime.scripts.LoginTest@5792a0]" name="postcondition" is-config="true" duration-ms="2191" started-at="2020-01-18T11:27:19Z" finished-at="2020-01-18T11:27:22Z">
          <reporter-output>
            <line>
              <![CDATA[Browser Closed]]>
            </line>
          </reporter-output>
        </test-method> <!-- postcondition -->
        <test-method status="PASS" signature="preCondition(java.lang.String, java.lang.String)[pri:0, instance:com.actitime.scripts.LoginTest@5792a0]" name="preCondition" is-config="true" duration-ms="4762" started-at="2020-01-18T11:27:22Z" finished-at="2020-01-18T11:27:26Z">
          <params>
            <param index="0">
              <value>
                <![CDATA[chrome]]>
              </value>
            </param>
            <param index="1">
              <value>
                <![CDATA[http://acer-pc:8080/login.do]]>
              </value>
            </param>
          </params>
          <reporter-output>
            <line>
              <![CDATA[Chrome Launched]]>
            </line>
          </reporter-output>
        </test-method> <!-- preCondition -->
        <test-method status="PASS" signature="invalidLogin()[pri:2, instance:com.actitime.scripts.LoginTest@5792a0]" name="invalidLogin" duration-ms="933" started-at="2020-01-18T11:27:26Z" finished-at="2020-01-18T11:27:27Z">
          <reporter-output>
            <line>
              <![CDATA[invalidLogin script exceution starts: Sat Jan 18 16:57:26 IST 2020]]>
            </line>
            <line>
              <![CDATA[Invalid login is verified]]>
            </line>
            <line>
              <![CDATA[invalidLoginscript is Passed]]>
            </line>
          </reporter-output>
        </test-method> <!-- invalidLogin -->
        <test-method status="PASS" signature="postcondition()[pri:0, instance:com.actitime.scripts.LoginTest@5792a0]" name="postcondition" is-config="true" duration-ms="2167" started-at="2020-01-18T11:27:27Z" finished-at="2020-01-18T11:27:30Z">
          <reporter-output>
            <line>
              <![CDATA[Browser Closed]]>
            </line>
          </reporter-output>
        </test-method> <!-- postcondition -->
      </class> <!-- com.actitime.scripts.LoginTest -->
      <class name="com.actitime.scripts.TaskTest">
        <test-method status="PASS" signature="preCondition(java.lang.String, java.lang.String)[pri:0, instance:com.actitime.scripts.TaskTest@653222]" name="preCondition" is-config="true" duration-ms="6394" started-at="2020-01-18T11:26:42Z" finished-at="2020-01-18T11:26:48Z">
          <params>
            <param index="0">
              <value>
                <![CDATA[chrome]]>
              </value>
            </param>
            <param index="1">
              <value>
                <![CDATA[http://acer-pc:8080/login.do]]>
              </value>
            </param>
          </params>
          <reporter-output>
            <line>
              <![CDATA[Chrome Launched]]>
            </line>
          </reporter-output>
        </test-method> <!-- preCondition -->
        <test-method status="PASS" signature="createCustomer()[pri:0, instance:com.actitime.scripts.TaskTest@653222]" name="createCustomer" duration-ms="9816" started-at="2020-01-18T11:26:48Z" finished-at="2020-01-18T11:26:58Z">
          <reporter-output>
            <line>
              <![CDATA[createCustomer script exceution starts: Sat Jan 18 16:56:48 IST 2020]]>
            </line>
            <line>
              <![CDATA[Customer "GE Health1234" has been successfully created.]]>
            </line>
            <line>
              <![CDATA[createCustomerscript is Passed]]>
            </line>
          </reporter-output>
        </test-method> <!-- createCustomer -->
        <test-method status="PASS" signature="postcondition()[pri:0, instance:com.actitime.scripts.TaskTest@653222]" name="postcondition" is-config="true" duration-ms="2175" started-at="2020-01-18T11:26:58Z" finished-at="2020-01-18T11:27:00Z">
          <reporter-output>
            <line>
              <![CDATA[Browser Closed]]>
            </line>
          </reporter-output>
        </test-method> <!-- postcondition -->
        <test-method status="PASS" signature="preCondition(java.lang.String, java.lang.String)[pri:0, instance:com.actitime.scripts.TaskTest@653222]" name="preCondition" is-config="true" duration-ms="4773" started-at="2020-01-18T11:27:00Z" finished-at="2020-01-18T11:27:05Z">
          <params>
            <param index="0">
              <value>
                <![CDATA[chrome]]>
              </value>
            </param>
            <param index="1">
              <value>
                <![CDATA[http://acer-pc:8080/login.do]]>
              </value>
            </param>
          </params>
          <reporter-output>
            <line>
              <![CDATA[Chrome Launched]]>
            </line>
          </reporter-output>
        </test-method> <!-- preCondition -->
        <test-method status="PASS" signature="deleteCustomer()[pri:0, instance:com.actitime.scripts.TaskTest@653222]" name="deleteCustomer" duration-ms="5881" started-at="2020-01-18T11:27:05Z" finished-at="2020-01-18T11:27:11Z">
          <reporter-output>
            <line>
              <![CDATA[deleteCustomer script exceution starts: Sat Jan 18 16:57:05 IST 2020]]>
            </line>
            <line>
              <![CDATA[Customer has been successfully deleted.]]>
            </line>
            <line>
              <![CDATA[Customer has been successfully deleted.]]>
            </line>
            <line>
              <![CDATA[deleteCustomerscript is Passed]]>
            </line>
          </reporter-output>
        </test-method> <!-- deleteCustomer -->
        <test-method status="PASS" signature="postcondition()[pri:0, instance:com.actitime.scripts.TaskTest@653222]" name="postcondition" is-config="true" duration-ms="2153" started-at="2020-01-18T11:27:11Z" finished-at="2020-01-18T11:27:13Z">
          <reporter-output>
            <line>
              <![CDATA[Browser Closed]]>
            </line>
          </reporter-output>
        </test-method> <!-- postcondition -->
      </class> <!-- com.actitime.scripts.TaskTest -->
    </test> <!-- Test -->
  </suite> <!-- Suite -->
</testng-results>
