<?xml version="1.0" encoding="UTF-8"?>
<!-- Generated by org.testng.reporters.JUnitXMLReporter -->
<testsuite hostname="acer-PC" ignored="2" name="Test" tests="4" failures="0" timestamp="18 Jan 2020 11:27:30 GMT" time="47.522" errors="0">
  <testcase name="createCustomer" time="9.816" classname="com.actitime.scripts.TaskTest"/>
  <testcase name="deleteCustomer" time="5.881" classname="com.actitime.scripts.TaskTest"/>
  <testcase name="validLogin" time="1.755" classname="com.actitime.scripts.LoginTest"/>
  <testcase name="invalidLogin" time="0.933" classname="com.actitime.scripts.LoginTest"/>
  <testcase name="deleteProject" time="0.0" classname="com.actitime.scripts.TaskTest">
    <ignored/>
  </testcase> <!-- deleteProject -->
  <testcase name="createProject" time="0.0" classname="com.actitime.scripts.TaskTest">
    <ignored/>
  </testcase> <!-- createProject -->
</testsuite> <!-- Test -->
